# JRE version: Java(TM) SE Runtime Environment (8.0_121-b13) (build 1.8.0_121-b13)
# Java VM: Java HotSpot(TM) Client VM (25.121-b13 mixed mode windows-x86 )
Heap:
 def new generation   total 4928K, used 3475K [0x04a00000, 0x04f50000, 0x09f50000)
  eden space 4416K,  72% used [0x04a00000, 0x04d1c1f8, 0x04e50000)
  from space 512K,  56% used [0x04ed0000, 0x04f18d30, 0x04f50000)
  to   space 512K,   0% used [0x04e50000, 0x04e50000, 0x04ed0000)
 tenured generation   total 10944K, used 9634K [0x09f50000, 0x0aa00000, 0x14a00000)
   the space 10944K,  88% used [0x09f50000, 0x0a8b88b8, 0x0a8b8a00, 0x0aa00000)
 Metaspace       used 10225K, capacity 10426K, committed 10496K, reserved 10624K
GC Heap History (10 events):
Event: 0.455 GC heap before
{Heap before GC invocations=0 (full 0):
 def new generation   total 4928K, used 4107K [0x04a00000, 0x04f50000, 0x09f50000)
  eden space 4416K,  93% used [0x04a00000, 0x04e02d08, 0x04e50000)
  from space 512K,   0% used [0x04e50000, 0x04e50000, 0x04ed0000)
  to   space 512K,   0% used [0x04ed0000, 0x04ed0000, 0x04f50000)
 tenured generation   total 10944K, used 0K [0x09f50000, 0x0aa00000, 0x14a00000)
   the space 10944K,   0% used [0x09f50000, 0x09f50000, 0x09f50200, 0x0aa00000)
 Metaspace       used 6016K, capacity 6219K, committed 6272K, reserved 6528K
Event: 0.461 GC heap after
Heap after GC invocations=1 (full 0):
 def new generation   total 4928K, used 512K [0x04a00000, 0x04f50000, 0x09f50000)
  eden space 4416K,   0% used [0x04a00000, 0x04a00000, 0x04e50000)
  from space 512K, 100% used [0x04ed0000, 0x04f50000, 0x04f50000)
  to   space 512K,   0% used [0x04e50000, 0x04e50000, 0x04ed0000)
 tenured generation   total 10944K, used 912K [0x09f50000, 0x0aa00000, 0x14a00000)
   the space 10944K,   8% used [0x09f50000, 0x0a034370, 0x0a034400, 0x0aa00000)
 Metaspace       used 6016K, capacity 6219K, committed 6272K, reserved 6528K
}
Event: 69.186 GC heap before
{Heap before GC invocations=1 (full 0):
 def new generation   total 4928K, used 4876K [0x04a00000, 0x04f50000, 0x09f50000)
  eden space 4416K,  98% used [0x04a00000, 0x04e432f8, 0x04e50000)
  from space 512K, 100% used [0x04ed0000, 0x04f50000, 0x04f50000)
  to   space 512K,   0% used [0x04e50000, 0x04e50000, 0x04ed0000)
 tenured generation   total 10944K, used 912K [0x09f50000, 0x0aa00000, 0x14a00000)
   the space 10944K,   8% used [0x09f50000, 0x0a034370, 0x0a034400, 0x0aa00000)
 Metaspace       used 7380K, capacity 7563K, committed 7680K, reserved 8576K
Event: 69.193 GC heap after
Heap after GC invocations=2 (full 0):
 def new generation   total 4928K, used 512K [0x04a00000, 0x04f50000, 0x09f50000)
  eden space 4416K,   0% used [0x04a00000, 0x04a00000, 0x04e50000)
  from space 512K, 100% used [0x04e50000, 0x04ed0000, 0x04ed0000)
  to   space 512K,   0% used [0x04ed0000, 0x04ed0000, 0x04f50000)
 tenured generation   total 10944K, used 2483K [0x09f50000, 0x0aa00000, 0x14a00000)
   the space 10944K,  22% used [0x09f50000, 0x0a1bcd50, 0x0a1bce00, 0x0aa00000)
 Metaspace       used 7380K, capacity 7563K, committed 7680K, reserved 8576K
}
Event: 74.453 GC heap before
{Heap before GC invocations=2 (full 0):
 def new generation   total 4928K, used 4928K [0x04a00000, 0x04f50000, 0x09f50000)
  eden space 4416K, 100% used [0x04a00000, 0x04e50000, 0x04e50000)
  from space 512K, 100% used [0x04e50000, 0x04ed0000, 0x04ed0000)
  to   space 512K,   0% used [0x04ed0000, 0x04ed0000, 0x04f50000)
 tenured generation   total 10944K, used 2483K [0x09f50000, 0x0aa00000, 0x14a00000)
   the space 10944K,  22% used [0x09f50000, 0x0a1bcd50, 0x0a1bce00, 0x0aa00000)
 Metaspace       used 9118K, capacity 9303K, committed 9472K, reserved 9600K
Event: 74.458 GC heap after
Heap after GC invocations=3 (full 0):
 def new generation   total 4928K, used 512K [0x04a00000, 0x04f50000, 0x09f50000)
  eden space 4416K,   0% used [0x04a00000, 0x04a00000, 0x04e50000)
  from space 512K, 100% used [0x04ed0000, 0x04f50000, 0x04f50000)
  to   space 512K,   0% used [0x04e50000, 0x04e50000, 0x04ed0000)
 tenured generation   total 10944K, used 4379K [0x09f50000, 0x0aa00000, 0x14a00000)
   the space 10944K,  40% used [0x09f50000, 0x0a396fd0, 0x0a397000, 0x0aa00000)
 Metaspace       used 9118K, capacity 9303K, committed 9472K, reserved 9600K
}
Event: 105.407 GC heap before
{Heap before GC invocations=3 (full 0):
 def new generation   total 4928K, used 4928K [0x04a00000, 0x04f50000, 0x09f50000)
  eden space 4416K, 100% used [0x04a00000, 0x04e50000, 0x04e50000)
  from space 512K, 100% used [0x04ed0000, 0x04f50000, 0x04f50000)
  to   space 512K,   0% used [0x04e50000, 0x04e50000, 0x04ed0000)
 tenured generation   total 10944K, used 4379K [0x09f50000, 0x0aa00000, 0x14a00000)
   the space 10944K,  40% used [0x09f50000, 0x0a396fd0, 0x0a397000, 0x0aa00000)
 Metaspace       used 9627K, capacity 9848K, committed 9984K, reserved 10624K
Event: 105.411 GC heap after
Heap after GC invocations=4 (full 0):
 def new generation   total 4928K, used 256K [0x04a00000, 0x04f50000, 0x09f50000)
  eden space 4416K,   0% used [0x04a00000, 0x04a00000, 0x04e50000)
  from space 512K,  50% used [0x04e50000, 0x04e90378, 0x04ed0000)
  to   space 512K,   0% used [0x04ed0000, 0x04ed0000, 0x04f50000)
 tenured generation   total 10944K, used 6399K [0x09f50000, 0x0aa00000, 0x14a00000)
   the space 10944K,  58% used [0x09f50000, 0x0a58ff38, 0x0a590000, 0x0aa00000)
 Metaspace       used 9627K, capacity 9848K, committed 9984K, reserved 10624K
}
Event: 116.196 GC heap before
{Heap before GC invocations=4 (full 0):
 def new generation   total 4928K, used 4672K [0x04a00000, 0x04f50000, 0x09f50000)
  eden space 4416K, 100% used [0x04a00000, 0x04e50000, 0x04e50000)
  from space 512K,  50% used [0x04e50000, 0x04e90378, 0x04ed0000)
  to   space 512K,   0% used [0x04ed0000, 0x04ed0000, 0x04f50000)
 tenured generation   total 10944K, used 6399K [0x09f50000, 0x0aa00000, 0x14a00000)
   the space 10944K,  58% used [0x09f50000, 0x0a58ff38, 0x0a590000, 0x0aa00000)
 Metaspace       used 9945K, capacity 10170K, committed 10240K, reserved 10624K
Event: 116.204 GC heap after
Heap after GC invocations=5 (full 0):
 def new generation   total 4928K, used 291K [0x04a00000, 0x04f50000, 0x09f50000)
  eden space 4416K,   0% used [0x04a00000, 0x04a00000, 0x04e50000)
  from space 512K,  56% used [0x04ed0000, 0x04f18d30, 0x04f50000)
  to   space 512K,   0% used [0x04e50000, 0x04e50000, 0x04ed0000)
 tenured generation   total 10944K, used 9634K [0x09f50000, 0x0aa00000, 0x14a00000)
   the space 10944K,  88% used [0x09f50000, 0x0a8b88b8, 0x0a8b8a00, 0x0aa00000)
 Metaspace       used 9945K, capacity 10170K, committed 10240K, reserved 10624K
}

